Using pre-set license
Built from '2020.3/staging' branch; Version is '2020.3.21f1 (a38c86f6690f) revision 10718342'; Using compiler version '192528614'; Build Type 'Release'
OS: 'Windows 10 Pro; OS build 19045.3208; Version 2009; 64bit' Language: 'tr' Physical Memory: 16334 MB
BatchMode: 1, IsHumanControllingUs: 0, StartBugReporterOnCrash: 0, Is64bit: 1, IsPro: 0

COMMAND LINE ARGUMENTS:
C:\Program Files\Unity\Hub\Editor\2020.3.21f1\Editor\Unity.exe
-adb2
-batchMode
-noUpm
-name
AssetImportWorker0
-projectPath
C:/Users/celil/OneDrive/Belgeler/GitHub/Merge-Bullet-Case/Merge Bullet Case
-logFile
Logs/AssetImportWorker0.log
-srvPort
50001
Successfully changed project path to: C:/Users/celil/OneDrive/Belgeler/GitHub/Merge-Bullet-Case/Merge Bullet Case
C:/Users/celil/OneDrive/Belgeler/GitHub/Merge-Bullet-Case/Merge Bullet Case
Using Asset Import Pipeline V2.
Refreshing native plugins compatible for Editor in 47.52 ms, found 2 plugins.
Preloading 0 native plugins for Editor in 0.00 ms.
Initialize engine version: 2020.3.21f1 (a38c86f6690f)
[Subsystems] Discovering subsystems at path C:/Program Files/Unity/Hub/Editor/2020.3.21f1/Editor/Data/Resources/UnitySubsystems
[Subsystems] Discovering subsystems at path C:/Users/celil/OneDrive/Belgeler/GitHub/Merge-Bullet-Case/Merge Bullet Case/Assets
GfxDevice: creating device client; threaded=0
Direct3D:
    Version:  Direct3D 11.0 [level 11.1]
    Renderer: Radeon RX 580 Series (ID=0x67df)
    Vendor:   
    VRAM:     8170 MB
    Driver:   31.0.21023.2010
Initialize mono
Mono path[0] = 'C:/Program Files/Unity/Hub/Editor/2020.3.21f1/Editor/Data/Managed'
Mono path[1] = 'C:/Program Files/Unity/Hub/Editor/2020.3.21f1/Editor/Data/MonoBleedingEdge/lib/mono/unityjit'
Mono config path = 'C:/Program Files/Unity/Hub/Editor/2020.3.21f1/Editor/Data/MonoBleedingEdge/etc'
Using monoOptions --debugger-agent=transport=dt_socket,embedding=1,server=y,suspend=n,address=127.0.0.1:56252
Begin MonoManager ReloadAssembly
Registering precompiled unity dll's ...
Register platform support module: C:/Program Files/Unity/Hub/Editor/2020.3.21f1/Editor/Data/PlaybackEngines/WindowsStandaloneSupport/UnityEditor.WindowsStandalone.Extensions.dll
Registered in 0.001704 seconds.
Native extension for WindowsStandalone target not found
Refreshing native plugins compatible for Editor in 44.38 ms, found 2 plugins.
Preloading 0 native plugins for Editor in 0.00 ms.
Mono: successfully reloaded assembly
- Completed reload, in  2.457 seconds
Domain Reload Profiling:
	ReloadAssembly (2457ms)
		BeginReloadAssembly (44ms)
			ExecutionOrderSort (0ms)
			DisableScriptedObjects (0ms)
			BackupInstance (0ms)
			ReleaseScriptingObjects (0ms)
			CreateAndSetChildDomain (1ms)
		EndReloadAssembly (386ms)
			LoadAssemblies (43ms)
			RebuildTransferFunctionScriptingTraits (0ms)
			SetupTypeCache (124ms)
			ReleaseScriptCaches (0ms)
			RebuildScriptCaches (25ms)
			SetupLoadedEditorAssemblies (146ms)
				LogAssemblyErrors (0ms)
				InitializePlatformSupportModulesInManaged (3ms)
				SetLoadedEditorAssemblies (0ms)
				RefreshPlugins (44ms)
				BeforeProcessingInitializeOnLoad (11ms)
				ProcessInitializeOnLoadAttributes (65ms)
				ProcessInitializeOnLoadMethodAttributes (22ms)
				AfterProcessingInitializeOnLoad (0ms)
				EditorAssembliesLoaded (0ms)
			ExecutionOrderSort2 (0ms)
			AwakeInstancesAfterBackupRestoration (0ms)
Platform modules already initialized, skipping
Registering precompiled user dll's ...
Registered in 0.006972 seconds.
Begin MonoManager ReloadAssembly
Native extension for WindowsStandalone target not found
Refreshing native plugins compatible for Editor in 0.58 ms, found 2 plugins.
Preloading 0 native plugins for Editor in 0.00 ms.
Mono: successfully reloaded assembly
- Completed reload, in  0.883 seconds
Domain Reload Profiling:
	ReloadAssembly (884ms)
		BeginReloadAssembly (121ms)
			ExecutionOrderSort (0ms)
			DisableScriptedObjects (4ms)
			BackupInstance (0ms)
			ReleaseScriptingObjects (0ms)
			CreateAndSetChildDomain (16ms)
		EndReloadAssembly (707ms)
			LoadAssemblies (75ms)
			RebuildTransferFunctionScriptingTraits (0ms)
			SetupTypeCache (238ms)
			ReleaseScriptCaches (0ms)
			RebuildScriptCaches (41ms)
			SetupLoadedEditorAssemblies (273ms)
				LogAssemblyErrors (0ms)
				InitializePlatformSupportModulesInManaged (4ms)
				SetLoadedEditorAssemblies (0ms)
				RefreshPlugins (1ms)
				BeforeProcessingInitializeOnLoad (77ms)
				ProcessInitializeOnLoadAttributes (178ms)
				ProcessInitializeOnLoadMethodAttributes (7ms)
				AfterProcessingInitializeOnLoad (6ms)
				EditorAssembliesLoaded (0ms)
			ExecutionOrderSort2 (0ms)
			AwakeInstancesAfterBackupRestoration (6ms)
Platform modules already initialized, skipping
========================================================================
Worker process is ready to serve import requests
Launched and connected shader compiler UnityShaderCompiler.exe after 0.04 seconds
Refreshing native plugins compatible for Editor in 0.56 ms, found 2 plugins.
Preloading 0 native plugins for Editor in 0.00 ms.
Unloading 1797 Unused Serialized files (Serialized files now loaded: 0)
System memory in use before: 82.3 MB.
System memory in use after: 82.4 MB.

Unloading 30 unused Assets to reduce memory usage. Loaded Objects now: 2244.
Total: 2.994900 ms (FindLiveObjects: 0.177400 ms CreateObjectMapping: 0.049200 ms MarkObjects: 2.680300 ms  DeleteObjects: 0.086900 ms)

AssetImportParameters requested are different than current active one (requested -> active):
  custom:framework-win-MediaFoundation: 216162199b28c13a410421893ffa2e32 -> 
  custom:video-decoder-ogg-theora: a1e56fd34408186e4bbccfd4996cb3dc -> 
  custom:container-muxer-webm: aa71ff27fc2769a1b78a27578f13a17b -> 
  custom:container-demuxer-webm: 4f35f7cbe854078d1ac9338744f61a02 -> 
  custom:container-demuxer-ogg: 62fdf1f143b41e24485cea50d1cbac27 -> 
  custom:video-encoder-webm-vp8: eb34c28f22e8b96e1ab97ce403110664 -> 
  custom:video-codec-MediaFoundation-h265: e54d7ab0439102e2317fc1e4b246158d -> 
  custom:video-decoder-webm-vp8: 9c59270c3fd7afecdb556c50c9e8de78 -> 
  custom:audio-decoder-ogg-vorbis: bf7c407c2cedff20999df2af8eb42d56 -> 
  custom:audio-encoder-webm-vorbis: bf7c407c2cedff20999df2af8eb42d56 -> 
========================================================================
Received Import Request.
  path: Assets/Prefabs/Runner_Phase/Walls
  artifactKey: Guid(ad6842f61edfa4847a232a694ee5ffe1) Importer(815301076,1909f56bfc062723c751e8b465ee728b)
Start importing Assets/Prefabs/Runner_Phase/Walls using Guid(ad6842f61edfa4847a232a694ee5ffe1) Importer(815301076,1909f56bfc062723c751e8b465ee728b)  -> (artifact id: '47179fe59f5685a940dbcc3189edd5fb') in 0.010077 seconds 
  Import took 0.012612 seconds .

========================================================================
Received Import Request.
  Time since last request: 44.305923 seconds.
  path: Assets/Prefabs/Runner_Phase/Box.prefab
  artifactKey: Guid(0ac23e50f0a308e4388012bd4b6bb4ac) Importer(815301076,1909f56bfc062723c751e8b465ee728b)
Start importing Assets/Prefabs/Runner_Phase/Box.prefab using Guid(0ac23e50f0a308e4388012bd4b6bb4ac) Importer(815301076,1909f56bfc062723c751e8b465ee728b)  -> (artifact id: '453b53379dac55d8b458ba218bbc490d') in 0.136277 seconds 
  Import took 0.139153 seconds .

========================================================================
Received Prepare
Registering precompiled user dll's ...
Registered in 0.007206 seconds.
Begin MonoManager ReloadAssembly
Native extension for WindowsStandalone target not found
Refreshing native plugins compatible for Editor in 0.66 ms, found 2 plugins.
Preloading 0 native plugins for Editor in 0.00 ms.
Mono: successfully reloaded assembly
- Completed reload, in  0.902 seconds
Domain Reload Profiling:
	ReloadAssembly (902ms)
		BeginReloadAssembly (100ms)
			ExecutionOrderSort (0ms)
			DisableScriptedObjects (3ms)
			BackupInstance (0ms)
			ReleaseScriptingObjects (0ms)
			CreateAndSetChildDomain (28ms)
		EndReloadAssembly (748ms)
			LoadAssemblies (70ms)
			RebuildTransferFunctionScriptingTraits (0ms)
			SetupTypeCache (236ms)
			ReleaseScriptCaches (1ms)
			RebuildScriptCaches (37ms)
			SetupLoadedEditorAssemblies (261ms)
				LogAssemblyErrors (0ms)
				InitializePlatformSupportModulesInManaged (4ms)
				SetLoadedEditorAssemblies (0ms)
				RefreshPlugins (1ms)
				BeforeProcessingInitializeOnLoad (78ms)
				ProcessInitializeOnLoadAttributes (164ms)
				ProcessInitializeOnLoadMethodAttributes (7ms)
				AfterProcessingInitializeOnLoad (6ms)
				EditorAssembliesLoaded (0ms)
			ExecutionOrderSort2 (0ms)
			AwakeInstancesAfterBackupRestoration (6ms)
Platform modules already initialized, skipping
Switching build target platform(19) subTarget(0) extendedPlatform(0) -> platform(13) subTarget(537395200) extendedPlatform(0)
Refreshing native plugins compatible for Editor in 0.68 ms, found 2 plugins.
Preloading 0 native plugins for Editor in 0.00 ms.
Unloading 1778 Unused Serialized files (Serialized files now loaded: 0)
System memory in use before: 83.5 MB.
System memory in use after: 83.6 MB.

Unloading 25 unused Assets to reduce memory usage. Loaded Objects now: 2254.
Total: 2.718600 ms (FindLiveObjects: 0.168100 ms CreateObjectMapping: 0.044600 ms MarkObjects: 2.489500 ms  DeleteObjects: 0.015300 ms)

AssetImportParameters requested are different than current active one (requested -> active):
  custom:framework-win-MediaFoundation: 216162199b28c13a410421893ffa2e32 -> 
  custom:video-decoder-ogg-theora: a1e56fd34408186e4bbccfd4996cb3dc -> 
  custom:container-muxer-webm: aa71ff27fc2769a1b78a27578f13a17b -> 
  custom:container-demuxer-webm: 4f35f7cbe854078d1ac9338744f61a02 -> 
  custom:container-demuxer-ogg: 62fdf1f143b41e24485cea50d1cbac27 -> 
  custom:video-encoder-webm-vp8: eb34c28f22e8b96e1ab97ce403110664 -> 
  custom:video-codec-MediaFoundation-h265: e54d7ab0439102e2317fc1e4b246158d -> 
  custom:video-decoder-webm-vp8: 9c59270c3fd7afecdb556c50c9e8de78 -> 
  custom:graphics/normal-map-encoding: 01000000000000000000000000000000 -> 02000000000000000000000000000000
  custom:audio-decoder-ogg-vorbis: bf7c407c2cedff20999df2af8eb42d56 -> 
  custom:audio-encoder-webm-vorbis: bf7c407c2cedff20999df2af8eb42d56 -> 
========================================================================
Received Import Request.
  Time since last request: 43.084431 seconds.
  path: Assets/Prefabs/Runner_Phase/Box.prefab
  artifactKey: Guid(0ac23e50f0a308e4388012bd4b6bb4ac) Importer(815301076,1909f56bfc062723c751e8b465ee728b)
Start importing Assets/Prefabs/Runner_Phase/Box.prefab using Guid(0ac23e50f0a308e4388012bd4b6bb4ac) Importer(815301076,1909f56bfc062723c751e8b465ee728b)  -> (artifact id: '0082d286f565aa4ed9a3ea179dfa3c0f') in 0.227681 seconds 
  Import took 0.230641 seconds .

========================================================================
Received Import Request.
  Time since last request: 12.984032 seconds.
  path: Assets/Prefabs/Runner_Phase/Character.prefab
  artifactKey: Guid(6e8079a3011d6be40976a0210d757b01) Importer(815301076,1909f56bfc062723c751e8b465ee728b)
Start importing Assets/Prefabs/Runner_Phase/Character.prefab using Guid(6e8079a3011d6be40976a0210d757b01) Importer(815301076,1909f56bfc062723c751e8b465ee728b)  -> (artifact id: 'b67e25ea6c1c6a30b72fd96fae3751ff') in 0.013917 seconds 
  Import took 0.016622 seconds .

========================================================================
Received Import Request.
  Time since last request: 212.221085 seconds.
  path: Assets/Materials/Money
  artifactKey: Guid(d48d37c0c2bd4004380126a12c2e5b7c) Importer(815301076,1909f56bfc062723c751e8b465ee728b)
Start importing Assets/Materials/Money using Guid(d48d37c0c2bd4004380126a12c2e5b7c) Importer(815301076,1909f56bfc062723c751e8b465ee728b)  -> (artifact id: '8f78a599eeba95fcd32a23f1e2a99ac6') in 0.007708 seconds 
  Import took 0.010557 seconds .

========================================================================
Received Import Request.
  Time since last request: 10.495943 seconds.
  path: Assets/Materials/Money/Material_Money.mat
  artifactKey: Guid(0f98269d93c530140a19748aed6b72a0) Importer(815301076,1909f56bfc062723c751e8b465ee728b)
Start importing Assets/Materials/Money/Material_Money.mat using Guid(0f98269d93c530140a19748aed6b72a0) Importer(815301076,1909f56bfc062723c751e8b465ee728b)  -> (artifact id: '920025db23e3cf2cf68e3152ba2c1774') in 0.028548 seconds 
  Import took 0.031169 seconds .

========================================================================
Received Import Request.
  Time since last request: 55.140024 seconds.
  path: Assets/Materials/Money/Material_Money_Holder.mat
  artifactKey: Guid(adecd7aeea879604bab50e4534aee824) Importer(815301076,1909f56bfc062723c751e8b465ee728b)
Start importing Assets/Materials/Money/Material_Money_Holder.mat using Guid(adecd7aeea879604bab50e4534aee824) Importer(815301076,1909f56bfc062723c751e8b465ee728b)  -> (artifact id: '744601ec7450b8bd14f2216c71c98750') in 0.015050 seconds 
  Import took 0.017839 seconds .

========================================================================
Received Import Request.
  Time since last request: 94.875961 seconds.
  path: Assets/Prefabs/Runner_Phase/Holder.prefab
  artifactKey: Guid(4141a002470fe3b458a4b99efd448e0a) Importer(815301076,1909f56bfc062723c751e8b465ee728b)
Start importing Assets/Prefabs/Runner_Phase/Holder.prefab using Guid(4141a002470fe3b458a4b99efd448e0a) Importer(815301076,1909f56bfc062723c751e8b465ee728b)  -> (artifact id: 'a48657202be36c87577f181a1d86383b') in 0.012785 seconds 
  Import took 0.015739 seconds .

========================================================================
Received Import Request.
  Time since last request: 10.598909 seconds.
  path: Assets/Prefabs/Runner_Phase/Box.prefab
  artifactKey: Guid(0ac23e50f0a308e4388012bd4b6bb4ac) Importer(815301076,1909f56bfc062723c751e8b465ee728b)
Start importing Assets/Prefabs/Runner_Phase/Box.prefab using Guid(0ac23e50f0a308e4388012bd4b6bb4ac) Importer(815301076,1909f56bfc062723c751e8b465ee728b)  -> (artifact id: '5b875655fd266e4e51d857cd0e75b6b9') in 0.034032 seconds 
  Import took 0.036941 seconds .

========================================================================
Received Import Request.
  Time since last request: 2.212790 seconds.
  path: Assets/Prefabs/Runner_Phase/Box.prefab
  artifactKey: Guid(0ac23e50f0a308e4388012bd4b6bb4ac) Importer(815301076,1909f56bfc062723c751e8b465ee728b)
Start importing Assets/Prefabs/Runner_Phase/Box.prefab using Guid(0ac23e50f0a308e4388012bd4b6bb4ac) Importer(815301076,1909f56bfc062723c751e8b465ee728b)  -> (artifact id: '49ade41fa6ddbcb08e7a6d5acc15812b') in 0.027770 seconds 
  Import took 0.030512 seconds .

========================================================================
Received Import Request.
  Time since last request: 6.222824 seconds.
  path: Assets/Prefabs/Runner_Phase/Box.prefab
  artifactKey: Guid(0ac23e50f0a308e4388012bd4b6bb4ac) Importer(815301076,1909f56bfc062723c751e8b465ee728b)
Start importing Assets/Prefabs/Runner_Phase/Box.prefab using Guid(0ac23e50f0a308e4388012bd4b6bb4ac) Importer(815301076,1909f56bfc062723c751e8b465ee728b)  -> (artifact id: '8096ea6073cd2a9c93430546d9d440ab') in 0.031441 seconds 
  Import took 0.034311 seconds .

========================================================================
Received Import Request.
  Time since last request: 2.183320 seconds.
  path: Assets/Prefabs/Runner_Phase/Box.prefab
  artifactKey: Guid(0ac23e50f0a308e4388012bd4b6bb4ac) Importer(815301076,1909f56bfc062723c751e8b465ee728b)
Start importing Assets/Prefabs/Runner_Phase/Box.prefab using Guid(0ac23e50f0a308e4388012bd4b6bb4ac) Importer(815301076,1909f56bfc062723c751e8b465ee728b)  -> (artifact id: '045c32a4dfeba181fb2175ebc357076a') in 0.032547 seconds 
  Import took 0.035542 seconds .

========================================================================
Received Import Request.
  Time since last request: 4.406422 seconds.
  path: Assets/Prefabs/Runner_Phase/Box.prefab
  artifactKey: Guid(0ac23e50f0a308e4388012bd4b6bb4ac) Importer(815301076,1909f56bfc062723c751e8b465ee728b)
Start importing Assets/Prefabs/Runner_Phase/Box.prefab using Guid(0ac23e50f0a308e4388012bd4b6bb4ac) Importer(815301076,1909f56bfc062723c751e8b465ee728b)  -> (artifact id: '2dce7de2d3e6a7e0f91849fcd477e88d') in 0.033801 seconds 
  Import took 0.036654 seconds .

========================================================================
Received Import Request.
  Time since last request: 2.991898 seconds.
  path: Assets/Prefabs/Runner_Phase/Box.prefab
  artifactKey: Guid(0ac23e50f0a308e4388012bd4b6bb4ac) Importer(815301076,1909f56bfc062723c751e8b465ee728b)
Start importing Assets/Prefabs/Runner_Phase/Box.prefab using Guid(0ac23e50f0a308e4388012bd4b6bb4ac) Importer(815301076,1909f56bfc062723c751e8b465ee728b)  -> (artifact id: '8aef9b8864a88f510dd49031c6ae040f') in 0.032420 seconds 
  Import took 0.035320 seconds .

========================================================================
Received Import Request.
  Time since last request: 2.185771 seconds.
  path: Assets/Prefabs/Runner_Phase/Box.prefab
  artifactKey: Guid(0ac23e50f0a308e4388012bd4b6bb4ac) Importer(815301076,1909f56bfc062723c751e8b465ee728b)
Start importing Assets/Prefabs/Runner_Phase/Box.prefab using Guid(0ac23e50f0a308e4388012bd4b6bb4ac) Importer(815301076,1909f56bfc062723c751e8b465ee728b)  -> (artifact id: '564e9e3b0c2698aff1ce546ff711b358') in 0.031022 seconds 
  Import took 0.033952 seconds .

========================================================================
Received Import Request.
  Time since last request: 6.022194 seconds.
  path: Assets/Prefabs/Runner_Phase/Box.prefab
  artifactKey: Guid(0ac23e50f0a308e4388012bd4b6bb4ac) Importer(815301076,1909f56bfc062723c751e8b465ee728b)
Start importing Assets/Prefabs/Runner_Phase/Box.prefab using Guid(0ac23e50f0a308e4388012bd4b6bb4ac) Importer(815301076,1909f56bfc062723c751e8b465ee728b)  -> (artifact id: '46f6ed6e8eb3900349431a1e31e95519') in 0.032305 seconds 
  Import took 0.035315 seconds .

========================================================================
Received Import Request.
  Time since last request: 17.691765 seconds.
  path: Assets/Prefabs/Runner_Phase/Box.prefab
  artifactKey: Guid(0ac23e50f0a308e4388012bd4b6bb4ac) Importer(815301076,1909f56bfc062723c751e8b465ee728b)
Start importing Assets/Prefabs/Runner_Phase/Box.prefab using Guid(0ac23e50f0a308e4388012bd4b6bb4ac) Importer(815301076,1909f56bfc062723c751e8b465ee728b)  -> (artifact id: 'f9a5b7fa01217489bb4277610460138f') in 0.028172 seconds 
  Import took 0.031087 seconds .

========================================================================
Received Import Request.
  Time since last request: 4.211055 seconds.
  path: Assets/Prefabs/Runner_Phase/Box.prefab
  artifactKey: Guid(0ac23e50f0a308e4388012bd4b6bb4ac) Importer(815301076,1909f56bfc062723c751e8b465ee728b)
Start importing Assets/Prefabs/Runner_Phase/Box.prefab using Guid(0ac23e50f0a308e4388012bd4b6bb4ac) Importer(815301076,1909f56bfc062723c751e8b465ee728b)  -> (artifact id: '9e360d89196b7946db1143c209a2c054') in 0.030567 seconds 
  Import took 0.033430 seconds .

========================================================================
Received Import Request.
  Time since last request: 1.590661 seconds.
  path: Assets/Prefabs/Runner_Phase/Box.prefab
  artifactKey: Guid(0ac23e50f0a308e4388012bd4b6bb4ac) Importer(815301076,1909f56bfc062723c751e8b465ee728b)
Start importing Assets/Prefabs/Runner_Phase/Box.prefab using Guid(0ac23e50f0a308e4388012bd4b6bb4ac) Importer(815301076,1909f56bfc062723c751e8b465ee728b)  -> (artifact id: '26d209e7a99d03ba8aa56419a2ab1e54') in 0.030411 seconds 
  Import took 0.033373 seconds .

========================================================================
Received Import Request.
  Time since last request: 2.184853 seconds.
  path: Assets/Prefabs/Runner_Phase/Box.prefab
  artifactKey: Guid(0ac23e50f0a308e4388012bd4b6bb4ac) Importer(815301076,1909f56bfc062723c751e8b465ee728b)
Start importing Assets/Prefabs/Runner_Phase/Box.prefab using Guid(0ac23e50f0a308e4388012bd4b6bb4ac) Importer(815301076,1909f56bfc062723c751e8b465ee728b)  -> (artifact id: '68e2675cf1d5f7bf4a2525a30bffbdcf') in 0.032867 seconds 
  Import took 0.035858 seconds .

========================================================================
Received Import Request.
  Time since last request: 34.556190 seconds.
  path: Assets/Prefabs/Runner_Phase/Box.prefab
  artifactKey: Guid(0ac23e50f0a308e4388012bd4b6bb4ac) Importer(815301076,1909f56bfc062723c751e8b465ee728b)
Start importing Assets/Prefabs/Runner_Phase/Box.prefab using Guid(0ac23e50f0a308e4388012bd4b6bb4ac) Importer(815301076,1909f56bfc062723c751e8b465ee728b)  -> (artifact id: '008e13d79914b78f0fbd5444f7e8b03a') in 0.032101 seconds 
  Import took 0.035055 seconds .

========================================================================
Received Import Request.
  Time since last request: 2.376794 seconds.
  path: Assets/Prefabs/Runner_Phase/Box.prefab
  artifactKey: Guid(0ac23e50f0a308e4388012bd4b6bb4ac) Importer(815301076,1909f56bfc062723c751e8b465ee728b)
Start importing Assets/Prefabs/Runner_Phase/Box.prefab using Guid(0ac23e50f0a308e4388012bd4b6bb4ac) Importer(815301076,1909f56bfc062723c751e8b465ee728b)  -> (artifact id: 'd01516d1801d2f36af500a2cca573ffc') in 0.030935 seconds 
  Import took 0.033909 seconds .

========================================================================
Received Import Request.
  Time since last request: 1.580712 seconds.
  path: Assets/Prefabs/Runner_Phase/Box.prefab
  artifactKey: Guid(0ac23e50f0a308e4388012bd4b6bb4ac) Importer(815301076,1909f56bfc062723c751e8b465ee728b)
Start importing Assets/Prefabs/Runner_Phase/Box.prefab using Guid(0ac23e50f0a308e4388012bd4b6bb4ac) Importer(815301076,1909f56bfc062723c751e8b465ee728b)  -> (artifact id: '40f8a917ad110699478e17c8bafec664') in 0.030847 seconds 
  Import took 0.033798 seconds .

========================================================================
Received Import Request.
  Time since last request: 14.081288 seconds.
  path: Assets/Prefabs/Runner_Phase/Box.prefab
  artifactKey: Guid(0ac23e50f0a308e4388012bd4b6bb4ac) Importer(815301076,1909f56bfc062723c751e8b465ee728b)
Start importing Assets/Prefabs/Runner_Phase/Box.prefab using Guid(0ac23e50f0a308e4388012bd4b6bb4ac) Importer(815301076,1909f56bfc062723c751e8b465ee728b)  -> (artifact id: '6d175c6ebddfcca89e0f597aa822de57') in 0.031029 seconds 
  Import took 0.033947 seconds .

========================================================================
Received Import Request.
  Time since last request: 3.603153 seconds.
  path: Assets/Prefabs/Runner_Phase/Box.prefab
  artifactKey: Guid(0ac23e50f0a308e4388012bd4b6bb4ac) Importer(815301076,1909f56bfc062723c751e8b465ee728b)
Start importing Assets/Prefabs/Runner_Phase/Box.prefab using Guid(0ac23e50f0a308e4388012bd4b6bb4ac) Importer(815301076,1909f56bfc062723c751e8b465ee728b)  -> (artifact id: '66064ec8f5aa0ad68668a10e02434b33') in 0.031860 seconds 
  Import took 0.034857 seconds .

========================================================================
Received Import Request.
  Time since last request: 3.991744 seconds.
  path: Assets/Prefabs/Runner_Phase/Box.prefab
  artifactKey: Guid(0ac23e50f0a308e4388012bd4b6bb4ac) Importer(815301076,1909f56bfc062723c751e8b465ee728b)
Start importing Assets/Prefabs/Runner_Phase/Box.prefab using Guid(0ac23e50f0a308e4388012bd4b6bb4ac) Importer(815301076,1909f56bfc062723c751e8b465ee728b)  -> (artifact id: '1072eb7ef4bc751a75ab8ce3a55e3e93') in 0.031079 seconds 
  Import took 0.034070 seconds .

========================================================================
Received Import Request.
  Time since last request: 3.604250 seconds.
  path: Assets/Prefabs/Runner_Phase/Box.prefab
  artifactKey: Guid(0ac23e50f0a308e4388012bd4b6bb4ac) Importer(815301076,1909f56bfc062723c751e8b465ee728b)
Start importing Assets/Prefabs/Runner_Phase/Box.prefab using Guid(0ac23e50f0a308e4388012bd4b6bb4ac) Importer(815301076,1909f56bfc062723c751e8b465ee728b)  -> (artifact id: 'cb97949c261451420f2f7471431d3b78') in 0.030749 seconds 
  Import took 0.033592 seconds .

========================================================================
Received Import Request.
  Time since last request: 4.395085 seconds.
  path: Assets/Prefabs/Runner_Phase/Box.prefab
  artifactKey: Guid(0ac23e50f0a308e4388012bd4b6bb4ac) Importer(815301076,1909f56bfc062723c751e8b465ee728b)
Start importing Assets/Prefabs/Runner_Phase/Box.prefab using Guid(0ac23e50f0a308e4388012bd4b6bb4ac) Importer(815301076,1909f56bfc062723c751e8b465ee728b)  -> (artifact id: '0b8b6d8c480b04021e5f70af5c6608c8') in 0.031881 seconds 
  Import took 0.034754 seconds .

========================================================================
Received Import Request.
  Time since last request: 18.621255 seconds.
  path: Assets/Prefabs/Runner_Phase/Box.prefab
  artifactKey: Guid(0ac23e50f0a308e4388012bd4b6bb4ac) Importer(815301076,1909f56bfc062723c751e8b465ee728b)
Start importing Assets/Prefabs/Runner_Phase/Box.prefab using Guid(0ac23e50f0a308e4388012bd4b6bb4ac) Importer(815301076,1909f56bfc062723c751e8b465ee728b)  -> (artifact id: '5aacf851b91eba9958758587ef53bb57') in 0.027981 seconds 
  Import took 0.030863 seconds .

========================================================================
Received Import Request.
  Time since last request: 0.000179 seconds.
  path: Assets/Prefabs/Runner_Phase/Holder.prefab
  artifactKey: Guid(4141a002470fe3b458a4b99efd448e0a) Importer(815301076,1909f56bfc062723c751e8b465ee728b)
Start importing Assets/Prefabs/Runner_Phase/Holder.prefab using Guid(4141a002470fe3b458a4b99efd448e0a) Importer(815301076,1909f56bfc062723c751e8b465ee728b)  -> (artifact id: '9d293dd0b6a9c57ba0610a15a85b8d90') in 0.007704 seconds 
  Import took 0.010541 seconds .

========================================================================
Received Import Request.
  Time since last request: 30.190759 seconds.
  path: Assets/Prefabs/Runner_Phase/Box.prefab
  artifactKey: Guid(0ac23e50f0a308e4388012bd4b6bb4ac) Importer(815301076,1909f56bfc062723c751e8b465ee728b)
Start importing Assets/Prefabs/Runner_Phase/Box.prefab using Guid(0ac23e50f0a308e4388012bd4b6bb4ac) Importer(815301076,1909f56bfc062723c751e8b465ee728b)  -> (artifact id: '81c0b340685ecb81aa8d8377e29354a7') in 0.028074 seconds 
  Import took 0.030959 seconds .

========================================================================
Received Import Request.
  Time since last request: 14.498459 seconds.
  path: Assets/Prefabs/Runner_Phase/Box.prefab
  artifactKey: Guid(0ac23e50f0a308e4388012bd4b6bb4ac) Importer(815301076,1909f56bfc062723c751e8b465ee728b)
Start importing Assets/Prefabs/Runner_Phase/Box.prefab using Guid(0ac23e50f0a308e4388012bd4b6bb4ac) Importer(815301076,1909f56bfc062723c751e8b465ee728b)  -> (artifact id: '70c51da32dbc79be36cb04d6289b2b2b') in 0.028498 seconds 
  Import took 0.031472 seconds .

========================================================================
Received Import Request.
  Time since last request: 0.000194 seconds.
  path: Assets/Prefabs/Runner_Phase/Holder.prefab
  artifactKey: Guid(4141a002470fe3b458a4b99efd448e0a) Importer(815301076,1909f56bfc062723c751e8b465ee728b)
Start importing Assets/Prefabs/Runner_Phase/Holder.prefab using Guid(4141a002470fe3b458a4b99efd448e0a) Importer(815301076,1909f56bfc062723c751e8b465ee728b)  -> (artifact id: 'ecd8d157a2fb9da5a8286d47414233f4') in 0.012505 seconds 
  Import took 0.014922 seconds .

========================================================================
Received Import Request.
  Time since last request: 3.781744 seconds.
  path: Assets/Prefabs/Runner_Phase/Box.prefab
  artifactKey: Guid(0ac23e50f0a308e4388012bd4b6bb4ac) Importer(815301076,1909f56bfc062723c751e8b465ee728b)
Start importing Assets/Prefabs/Runner_Phase/Box.prefab using Guid(0ac23e50f0a308e4388012bd4b6bb4ac) Importer(815301076,1909f56bfc062723c751e8b465ee728b)  -> (artifact id: '9b44c3119ff5ef8c1604502cd74f0e59') in 0.028434 seconds 
  Import took 0.031352 seconds .

========================================================================
Received Import Request.
  Time since last request: 0.000166 seconds.
  path: Assets/Prefabs/Runner_Phase/Holder.prefab
  artifactKey: Guid(4141a002470fe3b458a4b99efd448e0a) Importer(815301076,1909f56bfc062723c751e8b465ee728b)
Start importing Assets/Prefabs/Runner_Phase/Holder.prefab using Guid(4141a002470fe3b458a4b99efd448e0a) Importer(815301076,1909f56bfc062723c751e8b465ee728b)  -> (artifact id: 'bb61e6505137ee66468699ff8784ce1d') in 0.012657 seconds 
  Import took 0.015251 seconds .

========================================================================
Received Import Request.
  Time since last request: 2.774047 seconds.
  path: Assets/Prefabs/Runner_Phase/Box.prefab
  artifactKey: Guid(0ac23e50f0a308e4388012bd4b6bb4ac) Importer(815301076,1909f56bfc062723c751e8b465ee728b)
Start importing Assets/Prefabs/Runner_Phase/Box.prefab using Guid(0ac23e50f0a308e4388012bd4b6bb4ac) Importer(815301076,1909f56bfc062723c751e8b465ee728b)  -> (artifact id: '4bd116088cf3fb2948d4e217c453fc3e') in 0.030686 seconds 
  Import took 0.033695 seconds .

========================================================================
Received Import Request.
  Time since last request: 0.000189 seconds.
  path: Assets/Prefabs/Runner_Phase/Holder.prefab
  artifactKey: Guid(4141a002470fe3b458a4b99efd448e0a) Importer(815301076,1909f56bfc062723c751e8b465ee728b)
Start importing Assets/Prefabs/Runner_Phase/Holder.prefab using Guid(4141a002470fe3b458a4b99efd448e0a) Importer(815301076,1909f56bfc062723c751e8b465ee728b)  -> (artifact id: '7b9ca9f523e6bed1763bb8785c524c14') in 0.012088 seconds 
  Import took 0.014845 seconds .

========================================================================
Received Import Request.
  Time since last request: 5.399356 seconds.
  path: Assets/Prefabs/Runner_Phase/Box.prefab
  artifactKey: Guid(0ac23e50f0a308e4388012bd4b6bb4ac) Importer(815301076,1909f56bfc062723c751e8b465ee728b)
Start importing Assets/Prefabs/Runner_Phase/Box.prefab using Guid(0ac23e50f0a308e4388012bd4b6bb4ac) Importer(815301076,1909f56bfc062723c751e8b465ee728b)  -> (artifact id: '4e809765d8a3d7d9584b2f491b59503c') in 0.027076 seconds 
  Import took 0.030039 seconds .

========================================================================
Received Import Request.
  Time since last request: 0.000166 seconds.
  path: Assets/Prefabs/Runner_Phase/Holder.prefab
  artifactKey: Guid(4141a002470fe3b458a4b99efd448e0a) Importer(815301076,1909f56bfc062723c751e8b465ee728b)
Start importing Assets/Prefabs/Runner_Phase/Holder.prefab using Guid(4141a002470fe3b458a4b99efd448e0a) Importer(815301076,1909f56bfc062723c751e8b465ee728b)  -> (artifact id: '7dd7a507258f54c2e2554632d72b677e') in 0.014201 seconds 
  Import took 0.016894 seconds .

========================================================================
Received Import Request.
  Time since last request: 14.702718 seconds.
  path: Assets/Prefabs/Runner_Phase/Box.prefab
  artifactKey: Guid(0ac23e50f0a308e4388012bd4b6bb4ac) Importer(815301076,1909f56bfc062723c751e8b465ee728b)
Start importing Assets/Prefabs/Runner_Phase/Box.prefab using Guid(0ac23e50f0a308e4388012bd4b6bb4ac) Importer(815301076,1909f56bfc062723c751e8b465ee728b)  -> (artifact id: 'e61fcde46786a4fd213b9aaac3c0e19c') in 0.023057 seconds 
  Import took 0.025829 seconds .

========================================================================
Received Import Request.
  Time since last request: 0.000168 seconds.
  path: Assets/Prefabs/Runner_Phase/Holder.prefab
  artifactKey: Guid(4141a002470fe3b458a4b99efd448e0a) Importer(815301076,1909f56bfc062723c751e8b465ee728b)
Start importing Assets/Prefabs/Runner_Phase/Holder.prefab using Guid(4141a002470fe3b458a4b99efd448e0a) Importer(815301076,1909f56bfc062723c751e8b465ee728b)  -> (artifact id: 'f93fb8f2ea0dd96dde1641bfaa2ae597') in 0.007566 seconds 
  Import took 0.010100 seconds .

========================================================================
Received Import Request.
  Time since last request: 2.373830 seconds.
  path: Assets/Prefabs/Runner_Phase/Box.prefab
  artifactKey: Guid(0ac23e50f0a308e4388012bd4b6bb4ac) Importer(815301076,1909f56bfc062723c751e8b465ee728b)
Start importing Assets/Prefabs/Runner_Phase/Box.prefab using Guid(0ac23e50f0a308e4388012bd4b6bb4ac) Importer(815301076,1909f56bfc062723c751e8b465ee728b)  -> (artifact id: '49f75af8876e308dbd42f0b305687d87') in 0.023210 seconds 
  Import took 0.026065 seconds .

========================================================================
Received Import Request.
  Time since last request: 0.000191 seconds.
  path: Assets/Prefabs/Runner_Phase/Holder.prefab
  artifactKey: Guid(4141a002470fe3b458a4b99efd448e0a) Importer(815301076,1909f56bfc062723c751e8b465ee728b)
Start importing Assets/Prefabs/Runner_Phase/Holder.prefab using Guid(4141a002470fe3b458a4b99efd448e0a) Importer(815301076,1909f56bfc062723c751e8b465ee728b)  -> (artifact id: '3ff7fc8bb1cc3e59d5f908040d1658e2') in 0.007072 seconds 
  Import took 0.009899 seconds .

========================================================================
Received Import Request.
  Time since last request: 3.119861 seconds.
  path: Assets/Prefabs/Runner_Phase/Box.prefab
  artifactKey: Guid(0ac23e50f0a308e4388012bd4b6bb4ac) Importer(815301076,1909f56bfc062723c751e8b465ee728b)
Start importing Assets/Prefabs/Runner_Phase/Box.prefab using Guid(0ac23e50f0a308e4388012bd4b6bb4ac) Importer(815301076,1909f56bfc062723c751e8b465ee728b)  -> (artifact id: 'c046db47d660e88f99d2a93c3ce43c74') in 0.023213 seconds 
  Import took 0.026090 seconds .

========================================================================
Received Import Request.
  Time since last request: 0.000183 seconds.
  path: Assets/Prefabs/Runner_Phase/Holder.prefab
  artifactKey: Guid(4141a002470fe3b458a4b99efd448e0a) Importer(815301076,1909f56bfc062723c751e8b465ee728b)
Start importing Assets/Prefabs/Runner_Phase/Holder.prefab using Guid(4141a002470fe3b458a4b99efd448e0a) Importer(815301076,1909f56bfc062723c751e8b465ee728b)  -> (artifact id: '1c5681cc96f31b4ff2b5363a0feca8bd') in 0.007778 seconds 
  Import took 0.010572 seconds .

========================================================================
Received Import Request.
  Time since last request: 2.629402 seconds.
  path: Assets/Prefabs/Runner_Phase/Box.prefab
  artifactKey: Guid(0ac23e50f0a308e4388012bd4b6bb4ac) Importer(815301076,1909f56bfc062723c751e8b465ee728b)
Start importing Assets/Prefabs/Runner_Phase/Box.prefab using Guid(0ac23e50f0a308e4388012bd4b6bb4ac) Importer(815301076,1909f56bfc062723c751e8b465ee728b)  -> (artifact id: '1a0a426c5af1c25cfb1325dfe111c64a') in 0.024567 seconds 
  Import took 0.027692 seconds .

========================================================================
Received Import Request.
  Time since last request: 0.000172 seconds.
  path: Assets/Prefabs/Runner_Phase/Holder.prefab
  artifactKey: Guid(4141a002470fe3b458a4b99efd448e0a) Importer(815301076,1909f56bfc062723c751e8b465ee728b)
Start importing Assets/Prefabs/Runner_Phase/Holder.prefab using Guid(4141a002470fe3b458a4b99efd448e0a) Importer(815301076,1909f56bfc062723c751e8b465ee728b)  -> (artifact id: '50ccafd27f950db82f872fbe0b6e59ca') in 0.011936 seconds 
  Import took 0.014479 seconds .

========================================================================
Received Import Request.
  Time since last request: 14.272594 seconds.
  path: Assets/Prefabs/Runner_Phase/Box.prefab
  artifactKey: Guid(0ac23e50f0a308e4388012bd4b6bb4ac) Importer(815301076,1909f56bfc062723c751e8b465ee728b)
Start importing Assets/Prefabs/Runner_Phase/Box.prefab using Guid(0ac23e50f0a308e4388012bd4b6bb4ac) Importer(815301076,1909f56bfc062723c751e8b465ee728b)  -> (artifact id: 'd6470bec13e01c6950a3ce511ecf53f0') in 0.027446 seconds 
  Import took 0.030297 seconds .

========================================================================
Received Import Request.
  Time since last request: 0.000161 seconds.
  path: Assets/Prefabs/Runner_Phase/Holder.prefab
  artifactKey: Guid(4141a002470fe3b458a4b99efd448e0a) Importer(815301076,1909f56bfc062723c751e8b465ee728b)
Start importing Assets/Prefabs/Runner_Phase/Holder.prefab using Guid(4141a002470fe3b458a4b99efd448e0a) Importer(815301076,1909f56bfc062723c751e8b465ee728b)  -> (artifact id: '328f38fd31d59f81e69f9ad743f70b47') in 0.012533 seconds 
  Import took 0.015203 seconds .

========================================================================
Received Import Request.
  Time since last request: 1.782306 seconds.
  path: Assets/Prefabs/Runner_Phase/Box.prefab
  artifactKey: Guid(0ac23e50f0a308e4388012bd4b6bb4ac) Importer(815301076,1909f56bfc062723c751e8b465ee728b)
Start importing Assets/Prefabs/Runner_Phase/Box.prefab using Guid(0ac23e50f0a308e4388012bd4b6bb4ac) Importer(815301076,1909f56bfc062723c751e8b465ee728b)  -> (artifact id: '909c4e51b125abc93a3c1f87de65d050') in 0.027672 seconds 
  Import took 0.030569 seconds .

========================================================================
Received Import Request.
  Time since last request: 0.000185 seconds.
  path: Assets/Prefabs/Runner_Phase/Holder.prefab
  artifactKey: Guid(4141a002470fe3b458a4b99efd448e0a) Importer(815301076,1909f56bfc062723c751e8b465ee728b)
Start importing Assets/Prefabs/Runner_Phase/Holder.prefab using Guid(4141a002470fe3b458a4b99efd448e0a) Importer(815301076,1909f56bfc062723c751e8b465ee728b)  -> (artifact id: '6184d96d42f01477c8767bb172d881e3') in 0.011765 seconds 
  Import took 0.014109 seconds .

========================================================================
Received Prepare
Registering precompiled user dll's ...
Registered in 0.006297 seconds.
Begin MonoManager ReloadAssembly
Native extension for WindowsStandalone target not found
Refreshing native plugins compatible for Editor in 0.60 ms, found 2 plugins.
Preloading 0 native plugins for Editor in 0.00 ms.
Mono: successfully reloaded assembly
- Completed reload, in  0.873 seconds
Domain Reload Profiling:
	ReloadAssembly (874ms)
		BeginReloadAssembly (97ms)
			ExecutionOrderSort (0ms)
			DisableScriptedObjects (3ms)
			BackupInstance (0ms)
			ReleaseScriptingObjects (0ms)
			CreateAndSetChildDomain (29ms)
		EndReloadAssembly (723ms)
			LoadAssemblies (73ms)
			RebuildTransferFunctionScriptingTraits (0ms)
			SetupTypeCache (252ms)
			ReleaseScriptCaches (1ms)
			RebuildScriptCaches (37ms)
			SetupLoadedEditorAssemblies (256ms)
				LogAssemblyErrors (0ms)
				InitializePlatformSupportModulesInManaged (4ms)
				SetLoadedEditorAssemblies (0ms)
				RefreshPlugins (1ms)
				BeforeProcessingInitializeOnLoad (76ms)
				ProcessInitializeOnLoadAttributes (160ms)
				ProcessInitializeOnLoadMethodAttributes (7ms)
				AfterProcessingInitializeOnLoad (7ms)
				EditorAssembliesLoaded (0ms)
			ExecutionOrderSort2 (0ms)
			AwakeInstancesAfterBackupRestoration (6ms)
Platform modules already initialized, skipping
Switching build target platform(19) subTarget(0) extendedPlatform(0) -> platform(13) subTarget(537395200) extendedPlatform(0)
Refreshing native plugins compatible for Editor in 0.62 ms, found 2 plugins.
Preloading 0 native plugins for Editor in 0.00 ms.
Unloading 1778 Unused Serialized files (Serialized files now loaded: 0)
System memory in use before: 83.9 MB.
System memory in use after: 84.0 MB.

Unloading 26 unused Assets to reduce memory usage. Loaded Objects now: 2291.
Total: 2.947300 ms (FindLiveObjects: 0.191000 ms CreateObjectMapping: 0.041400 ms MarkObjects: 2.686000 ms  DeleteObjects: 0.027900 ms)

AssetImportParameters requested are different than current active one (requested -> active):
  custom:framework-win-MediaFoundation: 216162199b28c13a410421893ffa2e32 -> 
  custom:video-decoder-ogg-theora: a1e56fd34408186e4bbccfd4996cb3dc -> 
  custom:container-muxer-webm: aa71ff27fc2769a1b78a27578f13a17b -> 
  custom:container-demuxer-webm: 4f35f7cbe854078d1ac9338744f61a02 -> 
  custom:container-demuxer-ogg: 62fdf1f143b41e24485cea50d1cbac27 -> 
  custom:video-encoder-webm-vp8: eb34c28f22e8b96e1ab97ce403110664 -> 
  custom:video-codec-MediaFoundation-h265: e54d7ab0439102e2317fc1e4b246158d -> 
  custom:video-decoder-webm-vp8: 9c59270c3fd7afecdb556c50c9e8de78 -> 
  custom:graphics/normal-map-encoding: 01000000000000000000000000000000 -> 02000000000000000000000000000000
  custom:audio-decoder-ogg-vorbis: bf7c407c2cedff20999df2af8eb42d56 -> 
  custom:audio-encoder-webm-vorbis: bf7c407c2cedff20999df2af8eb42d56 -> 
========================================================================
Received Import Request.
  Time since last request: 52.275354 seconds.
  path: Assets/Prefabs/Runner_Phase/Box.prefab
  artifactKey: Guid(0ac23e50f0a308e4388012bd4b6bb4ac) Importer(815301076,1909f56bfc062723c751e8b465ee728b)
Start importing Assets/Prefabs/Runner_Phase/Box.prefab using Guid(0ac23e50f0a308e4388012bd4b6bb4ac) Importer(815301076,1909f56bfc062723c751e8b465ee728b)  -> (artifact id: 'c3affff03f6f2e8f2b98f46d3bc7b14e') in 0.209723 seconds 
  Import took 0.212638 seconds .

========================================================================
Received Prepare
Registering precompiled user dll's ...
Registered in 0.006130 seconds.
Begin MonoManager ReloadAssembly
Native extension for WindowsStandalone target not found
Refreshing native plugins compatible for Editor in 0.68 ms, found 2 plugins.
Preloading 0 native plugins for Editor in 0.00 ms.
Mono: successfully reloaded assembly
- Completed reload, in  0.879 seconds
Domain Reload Profiling:
	ReloadAssembly (879ms)
		BeginReloadAssembly (101ms)
			ExecutionOrderSort (0ms)
			DisableScriptedObjects (4ms)
			BackupInstance (0ms)
			ReleaseScriptingObjects (0ms)
			CreateAndSetChildDomain (28ms)
		EndReloadAssembly (724ms)
			LoadAssemblies (72ms)
			RebuildTransferFunctionScriptingTraits (0ms)
			SetupTypeCache (241ms)
			ReleaseScriptCaches (1ms)
			RebuildScriptCaches (34ms)
			SetupLoadedEditorAssemblies (267ms)
				LogAssemblyErrors (0ms)
				InitializePlatformSupportModulesInManaged (4ms)
				SetLoadedEditorAssemblies (0ms)
				RefreshPlugins (1ms)
				BeforeProcessingInitializeOnLoad (80ms)
				ProcessInitializeOnLoadAttributes (167ms)
				ProcessInitializeOnLoadMethodAttributes (8ms)
				AfterProcessingInitializeOnLoad (6ms)
				EditorAssembliesLoaded (0ms)
			ExecutionOrderSort2 (0ms)
			AwakeInstancesAfterBackupRestoration (7ms)
Platform modules already initialized, skipping
Switching build target platform(19) subTarget(0) extendedPlatform(0) -> platform(13) subTarget(537395200) extendedPlatform(0)
Refreshing native plugins compatible for Editor in 0.69 ms, found 2 plugins.
Preloading 0 native plugins for Editor in 0.00 ms.
Unloading 1778 Unused Serialized files (Serialized files now loaded: 0)
System memory in use before: 84.0 MB.
System memory in use after: 84.1 MB.

Unloading 25 unused Assets to reduce memory usage. Loaded Objects now: 2294.
Total: 2.818900 ms (FindLiveObjects: 0.170500 ms CreateObjectMapping: 0.040100 ms MarkObjects: 2.592200 ms  DeleteObjects: 0.015200 ms)

AssetImportParameters requested are different than current active one (requested -> active):
  custom:framework-win-MediaFoundation: 216162199b28c13a410421893ffa2e32 -> 
  custom:video-decoder-ogg-theora: a1e56fd34408186e4bbccfd4996cb3dc -> 
  custom:container-muxer-webm: aa71ff27fc2769a1b78a27578f13a17b -> 
  custom:container-demuxer-webm: 4f35f7cbe854078d1ac9338744f61a02 -> 
  custom:container-demuxer-ogg: 62fdf1f143b41e24485cea50d1cbac27 -> 
  custom:video-encoder-webm-vp8: eb34c28f22e8b96e1ab97ce403110664 -> 
  custom:video-codec-MediaFoundation-h265: e54d7ab0439102e2317fc1e4b246158d -> 
  custom:video-decoder-webm-vp8: 9c59270c3fd7afecdb556c50c9e8de78 -> 
  custom:graphics/normal-map-encoding: 01000000000000000000000000000000 -> 02000000000000000000000000000000
  custom:audio-decoder-ogg-vorbis: bf7c407c2cedff20999df2af8eb42d56 -> 
  custom:audio-encoder-webm-vorbis: bf7c407c2cedff20999df2af8eb42d56 -> 
========================================================================
Received Import Request.
  Time since last request: 49.644201 seconds.
  path: Assets/Prefabs/Runner_Phase/Box.prefab
  artifactKey: Guid(0ac23e50f0a308e4388012bd4b6bb4ac) Importer(815301076,1909f56bfc062723c751e8b465ee728b)
Start importing Assets/Prefabs/Runner_Phase/Box.prefab using Guid(0ac23e50f0a308e4388012bd4b6bb4ac) Importer(815301076,1909f56bfc062723c751e8b465ee728b)  -> (artifact id: '620cf4eb428b23677800e7ed13ba0b7b') in 0.082031 seconds 
  Import took 0.084970 seconds .

========================================================================
Received Import Request.
  Time since last request: 0.000149 seconds.
  path: Assets/Prefabs/Runner_Phase/Holder.prefab
  artifactKey: Guid(4141a002470fe3b458a4b99efd448e0a) Importer(815301076,1909f56bfc062723c751e8b465ee728b)
Start importing Assets/Prefabs/Runner_Phase/Holder.prefab using Guid(4141a002470fe3b458a4b99efd448e0a) Importer(815301076,1909f56bfc062723c751e8b465ee728b)  -> (artifact id: 'a895186365f062c56410f500fd677365') in 0.012351 seconds 
  Import took 0.014728 seconds .

========================================================================
Received Import Request.
  Time since last request: 3.098646 seconds.
  path: Assets/Prefabs/Runner_Phase/Box.prefab
  artifactKey: Guid(0ac23e50f0a308e4388012bd4b6bb4ac) Importer(815301076,1909f56bfc062723c751e8b465ee728b)
Start importing Assets/Prefabs/Runner_Phase/Box.prefab using Guid(0ac23e50f0a308e4388012bd4b6bb4ac) Importer(815301076,1909f56bfc062723c751e8b465ee728b)  -> (artifact id: '5cb054c6e3e23d1709ec1d6ecd6ebefb') in 0.024613 seconds 
  Import took 0.027494 seconds .

========================================================================
Received Import Request.
  Time since last request: 0.000156 seconds.
  path: Assets/Prefabs/Runner_Phase/Holder.prefab
  artifactKey: Guid(4141a002470fe3b458a4b99efd448e0a) Importer(815301076,1909f56bfc062723c751e8b465ee728b)
Start importing Assets/Prefabs/Runner_Phase/Holder.prefab using Guid(4141a002470fe3b458a4b99efd448e0a) Importer(815301076,1909f56bfc062723c751e8b465ee728b)  -> (artifact id: '7460eba813679abbb30c4358fcb35edf') in 0.007629 seconds 
  Import took 0.010039 seconds .

========================================================================
Received Import Request.
  Time since last request: 1.572864 seconds.
  path: Assets/Prefabs/Runner_Phase/Box.prefab
  artifactKey: Guid(0ac23e50f0a308e4388012bd4b6bb4ac) Importer(815301076,1909f56bfc062723c751e8b465ee728b)
Start importing Assets/Prefabs/Runner_Phase/Box.prefab using Guid(0ac23e50f0a308e4388012bd4b6bb4ac) Importer(815301076,1909f56bfc062723c751e8b465ee728b)  -> (artifact id: 'a57ae69a6957b50c60ef219503391f7f') in 0.026058 seconds 
  Import took 0.028835 seconds .

========================================================================
Received Import Request.
  Time since last request: 0.000146 seconds.
  path: Assets/Prefabs/Runner_Phase/Holder.prefab
  artifactKey: Guid(4141a002470fe3b458a4b99efd448e0a) Importer(815301076,1909f56bfc062723c751e8b465ee728b)
Start importing Assets/Prefabs/Runner_Phase/Holder.prefab using Guid(4141a002470fe3b458a4b99efd448e0a) Importer(815301076,1909f56bfc062723c751e8b465ee728b)  -> (artifact id: '7bfd2c17c4b328070aab36b08e4f3dbd') in 0.007651 seconds 
  Import took 0.010062 seconds .

========================================================================
Received Import Request.
  Time since last request: 5.601291 seconds.
  path: Assets/Prefabs/Runner_Phase/Box.prefab
  artifactKey: Guid(0ac23e50f0a308e4388012bd4b6bb4ac) Importer(815301076,1909f56bfc062723c751e8b465ee728b)
Start importing Assets/Prefabs/Runner_Phase/Box.prefab using Guid(0ac23e50f0a308e4388012bd4b6bb4ac) Importer(815301076,1909f56bfc062723c751e8b465ee728b)  -> (artifact id: 'd0e9771e7065432c1b7bf2902cfcb142') in 0.023324 seconds 
  Import took 0.026136 seconds .

========================================================================
Received Import Request.
  Time since last request: 0.000176 seconds.
  path: Assets/Prefabs/Runner_Phase/Holder.prefab
  artifactKey: Guid(4141a002470fe3b458a4b99efd448e0a) Importer(815301076,1909f56bfc062723c751e8b465ee728b)
Start importing Assets/Prefabs/Runner_Phase/Holder.prefab using Guid(4141a002470fe3b458a4b99efd448e0a) Importer(815301076,1909f56bfc062723c751e8b465ee728b)  -> (artifact id: '6b36cb8412cc0daf017b5848747b096f') in 0.012484 seconds 
  Import took 0.015185 seconds .

========================================================================
Received Import Request.
  Time since last request: 4.605103 seconds.
  path: Assets/Prefabs/Runner_Phase/Box.prefab
  artifactKey: Guid(0ac23e50f0a308e4388012bd4b6bb4ac) Importer(815301076,1909f56bfc062723c751e8b465ee728b)
Start importing Assets/Prefabs/Runner_Phase/Box.prefab using Guid(0ac23e50f0a308e4388012bd4b6bb4ac) Importer(815301076,1909f56bfc062723c751e8b465ee728b)  -> (artifact id: 'fe266537a0a7e595f468b1caa052f8eb') in 0.023305 seconds 
  Import took 0.026175 seconds .

========================================================================
Received Import Request.
  Time since last request: 0.000150 seconds.
  path: Assets/Prefabs/Runner_Phase/Holder.prefab
  artifactKey: Guid(4141a002470fe3b458a4b99efd448e0a) Importer(815301076,1909f56bfc062723c751e8b465ee728b)
Start importing Assets/Prefabs/Runner_Phase/Holder.prefab using Guid(4141a002470fe3b458a4b99efd448e0a) Importer(815301076,1909f56bfc062723c751e8b465ee728b)  -> (artifact id: 'f24df8a7202a064271fc57dc8c6ca81b') in 0.008268 seconds 
  Import took 0.011115 seconds .

========================================================================
Received Import Request.
  Time since last request: 1.373150 seconds.
  path: Assets/Prefabs/Runner_Phase/Box.prefab
  artifactKey: Guid(0ac23e50f0a308e4388012bd4b6bb4ac) Importer(815301076,1909f56bfc062723c751e8b465ee728b)
Start importing Assets/Prefabs/Runner_Phase/Box.prefab using Guid(0ac23e50f0a308e4388012bd4b6bb4ac) Importer(815301076,1909f56bfc062723c751e8b465ee728b)  -> (artifact id: '777d5d0be7379a842f2bf07d3bb862f1') in 0.025775 seconds 
  Import took 0.028704 seconds .

========================================================================
Received Import Request.
  Time since last request: 0.000148 seconds.
  path: Assets/Prefabs/Runner_Phase/Holder.prefab
  artifactKey: Guid(4141a002470fe3b458a4b99efd448e0a) Importer(815301076,1909f56bfc062723c751e8b465ee728b)
Start importing Assets/Prefabs/Runner_Phase/Holder.prefab using Guid(4141a002470fe3b458a4b99efd448e0a) Importer(815301076,1909f56bfc062723c751e8b465ee728b)  -> (artifact id: 'a889cc95a1be6c4832fb15e8f7d5e57b') in 0.007487 seconds 
  Import took 0.009956 seconds .

========================================================================
Received Import Request.
  Time since last request: 3.391230 seconds.
  path: Assets/Prefabs/Runner_Phase/Box.prefab
  artifactKey: Guid(0ac23e50f0a308e4388012bd4b6bb4ac) Importer(815301076,1909f56bfc062723c751e8b465ee728b)
Start importing Assets/Prefabs/Runner_Phase/Box.prefab using Guid(0ac23e50f0a308e4388012bd4b6bb4ac) Importer(815301076,1909f56bfc062723c751e8b465ee728b)  -> (artifact id: '168181dd0b46bfa719a8bd09b68e4eee') in 0.023021 seconds 
  Import took 0.025977 seconds .

========================================================================
Received Import Request.
  Time since last request: 0.000162 seconds.
  path: Assets/Prefabs/Runner_Phase/Holder.prefab
  artifactKey: Guid(4141a002470fe3b458a4b99efd448e0a) Importer(815301076,1909f56bfc062723c751e8b465ee728b)
Start importing Assets/Prefabs/Runner_Phase/Holder.prefab using Guid(4141a002470fe3b458a4b99efd448e0a) Importer(815301076,1909f56bfc062723c751e8b465ee728b)  -> (artifact id: '37cc438678869189313c71404d104c64') in 0.007723 seconds 
  Import took 0.010166 seconds .

========================================================================
Received Import Request.
  Time since last request: 1.978528 seconds.
  path: Assets/Prefabs/Runner_Phase/Box.prefab
  artifactKey: Guid(0ac23e50f0a308e4388012bd4b6bb4ac) Importer(815301076,1909f56bfc062723c751e8b465ee728b)
Start importing Assets/Prefabs/Runner_Phase/Box.prefab using Guid(0ac23e50f0a308e4388012bd4b6bb4ac) Importer(815301076,1909f56bfc062723c751e8b465ee728b)  -> (artifact id: 'ee357da5d4c198407bc04b668bf0932b') in 0.023131 seconds 
  Import took 0.025947 seconds .

========================================================================
Received Import Request.
  Time since last request: 0.000200 seconds.
  path: Assets/Prefabs/Runner_Phase/Holder.prefab
  artifactKey: Guid(4141a002470fe3b458a4b99efd448e0a) Importer(815301076,1909f56bfc062723c751e8b465ee728b)
Start importing Assets/Prefabs/Runner_Phase/Holder.prefab using Guid(4141a002470fe3b458a4b99efd448e0a) Importer(815301076,1909f56bfc062723c751e8b465ee728b)  -> (artifact id: 'fe293ad31951dc75810452a0fdf99cd1') in 0.007634 seconds 
  Import took 0.010369 seconds .

========================================================================
Received Import Request.
  Time since last request: 1.780224 seconds.
  path: Assets/Prefabs/Runner_Phase/Box.prefab
  artifactKey: Guid(0ac23e50f0a308e4388012bd4b6bb4ac) Importer(815301076,1909f56bfc062723c751e8b465ee728b)
Start importing Assets/Prefabs/Runner_Phase/Box.prefab using Guid(0ac23e50f0a308e4388012bd4b6bb4ac) Importer(815301076,1909f56bfc062723c751e8b465ee728b)  -> (artifact id: '3f3c4d8942c6d0ba7662cd54bc080b63') in 0.024234 seconds 
  Import took 0.027212 seconds .

========================================================================
Received Import Request.
  Time since last request: 0.000188 seconds.
  path: Assets/Prefabs/Runner_Phase/Holder.prefab
  artifactKey: Guid(4141a002470fe3b458a4b99efd448e0a) Importer(815301076,1909f56bfc062723c751e8b465ee728b)
Start importing Assets/Prefabs/Runner_Phase/Holder.prefab using Guid(4141a002470fe3b458a4b99efd448e0a) Importer(815301076,1909f56bfc062723c751e8b465ee728b)  -> (artifact id: 'cde16b22841ea415a80c8feb86537a63') in 0.010025 seconds 
  Import took 0.012911 seconds .

========================================================================
Received Import Request.
  Time since last request: 11.664037 seconds.
  path: ProjectSettings/TagManager.asset
  artifactKey: Guid(00000000000000003000000000000000) Importer(815301076,1909f56bfc062723c751e8b465ee728b)
Start importing ProjectSettings/TagManager.asset using Guid(00000000000000003000000000000000) Importer(815301076,1909f56bfc062723c751e8b465ee728b)  -> (artifact id: 'ce6a35c3cddc746e7501c0bd0ed6d4ce') in 0.009478 seconds 
  Import took 0.012191 seconds .

========================================================================
Received Import Request.
  Time since last request: 7.764471 seconds.
  path: Assets/Prefabs/Runner_Phase/Box.prefab
  artifactKey: Guid(0ac23e50f0a308e4388012bd4b6bb4ac) Importer(815301076,1909f56bfc062723c751e8b465ee728b)
Start importing Assets/Prefabs/Runner_Phase/Box.prefab using Guid(0ac23e50f0a308e4388012bd4b6bb4ac) Importer(815301076,1909f56bfc062723c751e8b465ee728b)  -> (artifact id: 'c2bf0abddc0c7c36f3c641476578e5a0') in 0.023158 seconds 
  Import took 0.026066 seconds .

========================================================================
Received Import Request.
  Time since last request: 9.154328 seconds.
  path: Assets/Prefabs/Runner_Phase/Bullets
  artifactKey: Guid(98431c237e0f144468f3da0da8b492dc) Importer(815301076,1909f56bfc062723c751e8b465ee728b)
Start importing Assets/Prefabs/Runner_Phase/Bullets using Guid(98431c237e0f144468f3da0da8b492dc) Importer(815301076,1909f56bfc062723c751e8b465ee728b)  -> (artifact id: '24dadc3044719d47f83fdbeee11f95b7') in 0.007614 seconds 
  Import took 0.010321 seconds .

========================================================================
Received Import Request.
  Time since last request: 0.217245 seconds.
  path: Assets/Prefabs/Runner_Phase/Doors
  artifactKey: Guid(13cc2cc5b6c61ac4f8b515bb6c40f42d) Importer(815301076,1909f56bfc062723c751e8b465ee728b)
Start importing Assets/Prefabs/Runner_Phase/Doors using Guid(13cc2cc5b6c61ac4f8b515bb6c40f42d) Importer(815301076,1909f56bfc062723c751e8b465ee728b)  -> (artifact id: 'ccfdc359731e3a4fba72c58f8c2261ca') in 0.007351 seconds 
  Import took 0.009963 seconds .

========================================================================
Received Import Request.
  Time since last request: 3.915403 seconds.
  path: Assets/Prefabs/Runner_Phase/Doors/DoorBulletRange.prefab
  artifactKey: Guid(07e9ded95c377f84592f0ee749cdf376) Importer(815301076,1909f56bfc062723c751e8b465ee728b)
Start importing Assets/Prefabs/Runner_Phase/Doors/DoorBulletRange.prefab using Guid(07e9ded95c377f84592f0ee749cdf376) Importer(815301076,1909f56bfc062723c751e8b465ee728b)  -> (artifact id: 'c9a031c0cdfeac6b38586dfb4e9bdcad') in 0.103423 seconds 
  Import took 0.106284 seconds .

========================================================================
Received Import Request.
  Time since last request: 0.000159 seconds.
  path: Assets/Prefabs/Runner_Phase/Doors/DoorFireRate.prefab
  artifactKey: Guid(43026bde57dd0134e86039f3bda1202f) Importer(815301076,1909f56bfc062723c751e8b465ee728b)
Start importing Assets/Prefabs/Runner_Phase/Doors/DoorFireRate.prefab using Guid(43026bde57dd0134e86039f3bda1202f) Importer(815301076,1909f56bfc062723c751e8b465ee728b)  -> (artifact id: 'b0cd11616d1ef3cdb8273a2150bc4e0b') in 0.014786 seconds 
  Import took 0.017260 seconds .

========================================================================
Received Import Request.
  Time since last request: 0.000182 seconds.
  path: Assets/Prefabs/Runner_Phase/Doors/DoorBulletSize.prefab
  artifactKey: Guid(37ee0eda887787c43b9ee712e05fa2df) Importer(815301076,1909f56bfc062723c751e8b465ee728b)
Start importing Assets/Prefabs/Runner_Phase/Doors/DoorBulletSize.prefab using Guid(37ee0eda887787c43b9ee712e05fa2df) Importer(815301076,1909f56bfc062723c751e8b465ee728b)  -> (artifact id: 'bb23cba815419b634b277b61c95d78c1') in 0.015130 seconds 
  Import took 0.017977 seconds .

========================================================================
Received Import Request.
  Time since last request: 0.000190 seconds.
  path: Assets/Prefabs/Runner_Phase/Doors/DoorTripleShot.prefab
  artifactKey: Guid(2fa4d564b168c814b96074effbc193e4) Importer(815301076,1909f56bfc062723c751e8b465ee728b)
Start importing Assets/Prefabs/Runner_Phase/Doors/DoorTripleShot.prefab using Guid(2fa4d564b168c814b96074effbc193e4) Importer(815301076,1909f56bfc062723c751e8b465ee728b)  -> (artifact id: 'e512a16803e535de0490d9ca06a27f2a') in 0.013792 seconds 
  Import took 0.016627 seconds .

========================================================================
Received Prepare
Registering precompiled user dll's ...
Registered in 0.006226 seconds.
Begin MonoManager ReloadAssembly
Native extension for WindowsStandalone target not found
Refreshing native plugins compatible for Editor in 0.61 ms, found 2 plugins.
Preloading 0 native plugins for Editor in 0.00 ms.
Mono: successfully reloaded assembly
- Completed reload, in  0.838 seconds
Domain Reload Profiling:
	ReloadAssembly (838ms)
		BeginReloadAssembly (92ms)
			ExecutionOrderSort (0ms)
			DisableScriptedObjects (3ms)
			BackupInstance (0ms)
			ReleaseScriptingObjects (0ms)
			CreateAndSetChildDomain (27ms)
		EndReloadAssembly (690ms)
			LoadAssemblies (72ms)
			RebuildTransferFunctionScriptingTraits (0ms)
			SetupTypeCache (239ms)
			ReleaseScriptCaches (1ms)
			RebuildScriptCaches (34ms)
			SetupLoadedEditorAssemblies (239ms)
				LogAssemblyErrors (0ms)
				InitializePlatformSupportModulesInManaged (4ms)
				SetLoadedEditorAssemblies (0ms)
				RefreshPlugins (1ms)
				BeforeProcessingInitializeOnLoad (72ms)
				ProcessInitializeOnLoadAttributes (150ms)
				ProcessInitializeOnLoadMethodAttributes (6ms)
				AfterProcessingInitializeOnLoad (6ms)
				EditorAssembliesLoaded (0ms)
			ExecutionOrderSort2 (0ms)
			AwakeInstancesAfterBackupRestoration (5ms)
Platform modules already initialized, skipping
Switching build target platform(19) subTarget(0) extendedPlatform(0) -> platform(13) subTarget(537395200) extendedPlatform(0)
Refreshing native plugins compatible for Editor in 0.56 ms, found 2 plugins.
Preloading 0 native plugins for Editor in 0.00 ms.
Unloading 1778 Unused Serialized files (Serialized files now loaded: 0)
System memory in use before: 84.1 MB.
System memory in use after: 84.2 MB.

Unloading 26 unused Assets to reduce memory usage. Loaded Objects now: 2297.
Total: 2.884900 ms (FindLiveObjects: 0.165400 ms CreateObjectMapping: 0.038500 ms MarkObjects: 2.658800 ms  DeleteObjects: 0.021200 ms)

AssetImportParameters requested are different than current active one (requested -> active):
  custom:framework-win-MediaFoundation: 216162199b28c13a410421893ffa2e32 -> 
  custom:video-decoder-ogg-theora: a1e56fd34408186e4bbccfd4996cb3dc -> 
  custom:container-muxer-webm: aa71ff27fc2769a1b78a27578f13a17b -> 
  custom:container-demuxer-webm: 4f35f7cbe854078d1ac9338744f61a02 -> 
  custom:container-demuxer-ogg: 62fdf1f143b41e24485cea50d1cbac27 -> 
  custom:video-encoder-webm-vp8: eb34c28f22e8b96e1ab97ce403110664 -> 
  custom:video-codec-MediaFoundation-h265: e54d7ab0439102e2317fc1e4b246158d -> 
  custom:video-decoder-webm-vp8: 9c59270c3fd7afecdb556c50c9e8de78 -> 
  custom:graphics/normal-map-encoding: 01000000000000000000000000000000 -> 02000000000000000000000000000000
  custom:audio-decoder-ogg-vorbis: bf7c407c2cedff20999df2af8eb42d56 -> 
  custom:audio-encoder-webm-vorbis: bf7c407c2cedff20999df2af8eb42d56 -> 
========================================================================
Received Prepare
Registering precompiled user dll's ...
Registered in 0.006210 seconds.
Begin MonoManager ReloadAssembly
Native extension for WindowsStandalone target not found
Refreshing native plugins compatible for Editor in 0.67 ms, found 2 plugins.
Preloading 0 native plugins for Editor in 0.00 ms.
Mono: successfully reloaded assembly
- Completed reload, in  0.900 seconds
Domain Reload Profiling:
	ReloadAssembly (901ms)
		BeginReloadAssembly (90ms)
			ExecutionOrderSort (0ms)
			DisableScriptedObjects (3ms)
			BackupInstance (0ms)
			ReleaseScriptingObjects (0ms)
			CreateAndSetChildDomain (27ms)
		EndReloadAssembly (754ms)
			LoadAssemblies (75ms)
			RebuildTransferFunctionScriptingTraits (0ms)
			SetupTypeCache (238ms)
			ReleaseScriptCaches (1ms)
			RebuildScriptCaches (39ms)
			SetupLoadedEditorAssemblies (273ms)
				LogAssemblyErrors (0ms)
				InitializePlatformSupportModulesInManaged (4ms)
				SetLoadedEditorAssemblies (0ms)
				RefreshPlugins (1ms)
				BeforeProcessingInitializeOnLoad (82ms)
				ProcessInitializeOnLoadAttributes (172ms)
				ProcessInitializeOnLoadMethodAttributes (8ms)
				AfterProcessingInitializeOnLoad (7ms)
				EditorAssembliesLoaded (0ms)
			ExecutionOrderSort2 (0ms)
			AwakeInstancesAfterBackupRestoration (6ms)
Platform modules already initialized, skipping
Switching build target platform(19) subTarget(0) extendedPlatform(0) -> platform(13) subTarget(537395200) extendedPlatform(0)
Refreshing native plugins compatible for Editor in 0.74 ms, found 2 plugins.
Preloading 0 native plugins for Editor in 0.00 ms.
Unloading 1778 Unused Serialized files (Serialized files now loaded: 0)
System memory in use before: 84.1 MB.
System memory in use after: 84.2 MB.

Unloading 25 unused Assets to reduce memory usage. Loaded Objects now: 2299.
Total: 3.064700 ms (FindLiveObjects: 0.182100 ms CreateObjectMapping: 0.132300 ms MarkObjects: 2.730700 ms  DeleteObjects: 0.018700 ms)

AssetImportParameters requested are different than current active one (requested -> active):
  custom:framework-win-MediaFoundation: 216162199b28c13a410421893ffa2e32 -> 
  custom:video-decoder-ogg-theora: a1e56fd34408186e4bbccfd4996cb3dc -> 
  custom:container-muxer-webm: aa71ff27fc2769a1b78a27578f13a17b -> 
  custom:container-demuxer-webm: 4f35f7cbe854078d1ac9338744f61a02 -> 
  custom:container-demuxer-ogg: 62fdf1f143b41e24485cea50d1cbac27 -> 
  custom:video-encoder-webm-vp8: eb34c28f22e8b96e1ab97ce403110664 -> 
  custom:video-codec-MediaFoundation-h265: e54d7ab0439102e2317fc1e4b246158d -> 
  custom:video-decoder-webm-vp8: 9c59270c3fd7afecdb556c50c9e8de78 -> 
  custom:graphics/normal-map-encoding: 01000000000000000000000000000000 -> 02000000000000000000000000000000
  custom:audio-decoder-ogg-vorbis: bf7c407c2cedff20999df2af8eb42d56 -> 
  custom:audio-encoder-webm-vorbis: bf7c407c2cedff20999df2af8eb42d56 -> 
========================================================================
Received Import Request.
  Time since last request: 185.954766 seconds.
  path: Assets/Prefabs/Runner_Phase/Character.prefab
  artifactKey: Guid(6e8079a3011d6be40976a0210d757b01) Importer(815301076,1909f56bfc062723c751e8b465ee728b)
Start importing Assets/Prefabs/Runner_Phase/Character.prefab using Guid(6e8079a3011d6be40976a0210d757b01) Importer(815301076,1909f56bfc062723c751e8b465ee728b)  -> (artifact id: '50e43623f19e7b012ab066264dfcf8c0') in 0.043489 seconds 
  Import took 0.046226 seconds .

========================================================================
Received Import Request.
  Time since last request: 12.285224 seconds.
  path: Assets/Prefabs/Runner_Phase/Box
  artifactKey: Guid(d548f3abf1192ad45803232324b33afe) Importer(815301076,1909f56bfc062723c751e8b465ee728b)
Start importing Assets/Prefabs/Runner_Phase/Box using Guid(d548f3abf1192ad45803232324b33afe) Importer(815301076,1909f56bfc062723c751e8b465ee728b)  -> (artifact id: 'e5e00dcf2eb68fd4ff693a50d43be3fc') in 0.001973 seconds 
  Import took 0.004493 seconds .

========================================================================
Received Prepare
Registering precompiled user dll's ...
Registered in 0.006442 seconds.
Begin MonoManager ReloadAssembly
Native extension for WindowsStandalone target not found
Refreshing native plugins compatible for Editor in 0.67 ms, found 2 plugins.
Preloading 0 native plugins for Editor in 0.00 ms.
Mono: successfully reloaded assembly
- Completed reload, in  0.846 seconds
Domain Reload Profiling:
	ReloadAssembly (846ms)
		BeginReloadAssembly (91ms)
			ExecutionOrderSort (0ms)
			DisableScriptedObjects (3ms)
			BackupInstance (0ms)
			ReleaseScriptingObjects (0ms)
			CreateAndSetChildDomain (26ms)
		EndReloadAssembly (700ms)
			LoadAssemblies (72ms)
			RebuildTransferFunctionScriptingTraits (0ms)
			SetupTypeCache (228ms)
			ReleaseScriptCaches (1ms)
			RebuildScriptCaches (34ms)
			SetupLoadedEditorAssemblies (245ms)
				LogAssemblyErrors (0ms)
				InitializePlatformSupportModulesInManaged (4ms)
				SetLoadedEditorAssemblies (0ms)
				RefreshPlugins (1ms)
				BeforeProcessingInitializeOnLoad (72ms)
				ProcessInitializeOnLoadAttributes (154ms)
				ProcessInitializeOnLoadMethodAttributes (7ms)
				AfterProcessingInitializeOnLoad (7ms)
				EditorAssembliesLoaded (0ms)
			ExecutionOrderSort2 (0ms)
			AwakeInstancesAfterBackupRestoration (6ms)
Platform modules already initialized, skipping
Switching build target platform(19) subTarget(0) extendedPlatform(0) -> platform(13) subTarget(537395200) extendedPlatform(0)
Refreshing native plugins compatible for Editor in 0.57 ms, found 2 plugins.
Preloading 0 native plugins for Editor in 0.00 ms.
Unloading 1778 Unused Serialized files (Serialized files now loaded: 0)
System memory in use before: 84.1 MB.
System memory in use after: 84.2 MB.

Unloading 26 unused Assets to reduce memory usage. Loaded Objects now: 2302.
Total: 2.862600 ms (FindLiveObjects: 0.167700 ms CreateObjectMapping: 0.038400 ms MarkObjects: 2.629900 ms  DeleteObjects: 0.025600 ms)

AssetImportParameters requested are different than current active one (requested -> active):
  custom:framework-win-MediaFoundation: 216162199b28c13a410421893ffa2e32 -> 
  custom:video-decoder-ogg-theora: a1e56fd34408186e4bbccfd4996cb3dc -> 
  custom:container-muxer-webm: aa71ff27fc2769a1b78a27578f13a17b -> 
  custom:container-demuxer-webm: 4f35f7cbe854078d1ac9338744f61a02 -> 
  custom:container-demuxer-ogg: 62fdf1f143b41e24485cea50d1cbac27 -> 
  custom:video-encoder-webm-vp8: eb34c28f22e8b96e1ab97ce403110664 -> 
  custom:video-codec-MediaFoundation-h265: e54d7ab0439102e2317fc1e4b246158d -> 
  custom:video-decoder-webm-vp8: 9c59270c3fd7afecdb556c50c9e8de78 -> 
  custom:graphics/normal-map-encoding: 01000000000000000000000000000000 -> 02000000000000000000000000000000
  custom:audio-decoder-ogg-vorbis: bf7c407c2cedff20999df2af8eb42d56 -> 
  custom:audio-encoder-webm-vorbis: bf7c407c2cedff20999df2af8eb42d56 -> 
========================================================================
Received Prepare
Registering precompiled user dll's ...
Registered in 0.007579 seconds.
Begin MonoManager ReloadAssembly
Native extension for WindowsStandalone target not found
Refreshing native plugins compatible for Editor in 0.65 ms, found 2 plugins.
Preloading 0 native plugins for Editor in 0.00 ms.
Mono: successfully reloaded assembly
- Completed reload, in  0.916 seconds
Domain Reload Profiling:
	ReloadAssembly (916ms)
		BeginReloadAssembly (101ms)
			ExecutionOrderSort (0ms)
			DisableScriptedObjects (4ms)
			BackupInstance (0ms)
			ReleaseScriptingObjects (0ms)
			CreateAndSetChildDomain (26ms)
		EndReloadAssembly (760ms)
			LoadAssemblies (72ms)
			RebuildTransferFunctionScriptingTraits (0ms)
			SetupTypeCache (238ms)
			ReleaseScriptCaches (1ms)
			RebuildScriptCaches (36ms)
			SetupLoadedEditorAssemblies (272ms)
				LogAssemblyErrors (0ms)
				InitializePlatformSupportModulesInManaged (4ms)
				SetLoadedEditorAssemblies (0ms)
				RefreshPlugins (1ms)
				BeforeProcessingInitializeOnLoad (80ms)
				ProcessInitializeOnLoadAttributes (173ms)
				ProcessInitializeOnLoadMethodAttributes (7ms)
				AfterProcessingInitializeOnLoad (7ms)
				EditorAssembliesLoaded (0ms)
			ExecutionOrderSort2 (0ms)
			AwakeInstancesAfterBackupRestoration (5ms)
Platform modules already initialized, skipping
Switching build target platform(19) subTarget(0) extendedPlatform(0) -> platform(13) subTarget(537395200) extendedPlatform(0)
Refreshing native plugins compatible for Editor in 0.60 ms, found 2 plugins.
Preloading 0 native plugins for Editor in 0.00 ms.
Unloading 1778 Unused Serialized files (Serialized files now loaded: 0)
System memory in use before: 84.1 MB.
System memory in use after: 84.2 MB.

Unloading 25 unused Assets to reduce memory usage. Loaded Objects now: 2304.
Total: 3.087400 ms (FindLiveObjects: 0.193400 ms CreateObjectMapping: 0.040000 ms MarkObjects: 2.832200 ms  DeleteObjects: 0.020800 ms)

AssetImportParameters requested are different than current active one (requested -> active):
  custom:framework-win-MediaFoundation: 216162199b28c13a410421893ffa2e32 -> 
  custom:video-decoder-ogg-theora: a1e56fd34408186e4bbccfd4996cb3dc -> 
  custom:container-muxer-webm: aa71ff27fc2769a1b78a27578f13a17b -> 
  custom:container-demuxer-webm: 4f35f7cbe854078d1ac9338744f61a02 -> 
  custom:container-demuxer-ogg: 62fdf1f143b41e24485cea50d1cbac27 -> 
  custom:video-encoder-webm-vp8: eb34c28f22e8b96e1ab97ce403110664 -> 
  custom:video-codec-MediaFoundation-h265: e54d7ab0439102e2317fc1e4b246158d -> 
  custom:video-decoder-webm-vp8: 9c59270c3fd7afecdb556c50c9e8de78 -> 
  custom:graphics/normal-map-encoding: 01000000000000000000000000000000 -> 02000000000000000000000000000000
  custom:audio-decoder-ogg-vorbis: bf7c407c2cedff20999df2af8eb42d56 -> 
  custom:audio-encoder-webm-vorbis: bf7c407c2cedff20999df2af8eb42d56 -> 
========================================================================
Received Prepare
Registering precompiled user dll's ...
Registered in 0.006250 seconds.
Begin MonoManager ReloadAssembly
Native extension for WindowsStandalone target not found
Refreshing native plugins compatible for Editor in 0.63 ms, found 2 plugins.
Preloading 0 native plugins for Editor in 0.00 ms.
Mono: successfully reloaded assembly
- Completed reload, in  0.864 seconds
Domain Reload Profiling:
	ReloadAssembly (864ms)
		BeginReloadAssembly (85ms)
			ExecutionOrderSort (0ms)
			DisableScriptedObjects (3ms)
			BackupInstance (0ms)
			ReleaseScriptingObjects (0ms)
			CreateAndSetChildDomain (25ms)
		EndReloadAssembly (721ms)
			LoadAssemblies (73ms)
			RebuildTransferFunctionScriptingTraits (0ms)
			SetupTypeCache (235ms)
			ReleaseScriptCaches (1ms)
			RebuildScriptCaches (34ms)
			SetupLoadedEditorAssemblies (245ms)
				LogAssemblyErrors (0ms)
				InitializePlatformSupportModulesInManaged (4ms)
				SetLoadedEditorAssemblies (0ms)
				RefreshPlugins (1ms)
				BeforeProcessingInitializeOnLoad (74ms)
				ProcessInitializeOnLoadAttributes (155ms)
				ProcessInitializeOnLoadMethodAttributes (6ms)
				AfterProcessingInitializeOnLoad (6ms)
				EditorAssembliesLoaded (0ms)
			ExecutionOrderSort2 (0ms)
			AwakeInstancesAfterBackupRestoration (5ms)
Platform modules already initialized, skipping
Switching build target platform(19) subTarget(0) extendedPlatform(0) -> platform(13) subTarget(537395200) extendedPlatform(0)
Refreshing native plugins compatible for Editor in 0.59 ms, found 2 plugins.
Preloading 0 native plugins for Editor in 0.00 ms.
Unloading 1778 Unused Serialized files (Serialized files now loaded: 0)
System memory in use before: 84.1 MB.
System memory in use after: 84.2 MB.

Unloading 25 unused Assets to reduce memory usage. Loaded Objects now: 2306.
Total: 2.772200 ms (FindLiveObjects: 0.174200 ms CreateObjectMapping: 0.039000 ms MarkObjects: 2.538300 ms  DeleteObjects: 0.019900 ms)

AssetImportParameters requested are different than current active one (requested -> active):
  custom:framework-win-MediaFoundation: 216162199b28c13a410421893ffa2e32 -> 
  custom:video-decoder-ogg-theora: a1e56fd34408186e4bbccfd4996cb3dc -> 
  custom:container-muxer-webm: aa71ff27fc2769a1b78a27578f13a17b -> 
  custom:container-demuxer-webm: 4f35f7cbe854078d1ac9338744f61a02 -> 
  custom:container-demuxer-ogg: 62fdf1f143b41e24485cea50d1cbac27 -> 
  custom:video-encoder-webm-vp8: eb34c28f22e8b96e1ab97ce403110664 -> 
  custom:video-codec-MediaFoundation-h265: e54d7ab0439102e2317fc1e4b246158d -> 
  custom:video-decoder-webm-vp8: 9c59270c3fd7afecdb556c50c9e8de78 -> 
  custom:graphics/normal-map-encoding: 01000000000000000000000000000000 -> 02000000000000000000000000000000
  custom:audio-decoder-ogg-vorbis: bf7c407c2cedff20999df2af8eb42d56 -> 
  custom:audio-encoder-webm-vorbis: bf7c407c2cedff20999df2af8eb42d56 -> 
========================================================================
Received Prepare
Registering precompiled user dll's ...
Registered in 0.006174 seconds.
Begin MonoManager ReloadAssembly
Native extension for WindowsStandalone target not found
Refreshing native plugins compatible for Editor in 0.64 ms, found 2 plugins.
Preloading 0 native plugins for Editor in 0.00 ms.
Mono: successfully reloaded assembly
- Completed reload, in  0.910 seconds
Domain Reload Profiling:
	ReloadAssembly (910ms)
		BeginReloadAssembly (90ms)
			ExecutionOrderSort (0ms)
			DisableScriptedObjects (4ms)
			BackupInstance (0ms)
			ReleaseScriptingObjects (0ms)
			CreateAndSetChildDomain (26ms)
		EndReloadAssembly (765ms)
			LoadAssemblies (71ms)
			RebuildTransferFunctionScriptingTraits (0ms)
			SetupTypeCache (235ms)
			ReleaseScriptCaches (1ms)
			RebuildScriptCaches (37ms)
			SetupLoadedEditorAssemblies (267ms)
				LogAssemblyErrors (0ms)
				InitializePlatformSupportModulesInManaged (4ms)
				SetLoadedEditorAssemblies (0ms)
				RefreshPlugins (1ms)
				BeforeProcessingInitializeOnLoad (80ms)
				ProcessInitializeOnLoadAttributes (167ms)
				ProcessInitializeOnLoadMethodAttributes (7ms)
				AfterProcessingInitializeOnLoad (6ms)
				EditorAssembliesLoaded (0ms)
			ExecutionOrderSort2 (0ms)
			AwakeInstancesAfterBackupRestoration (6ms)
Platform modules already initialized, skipping
Switching build target platform(19) subTarget(0) extendedPlatform(0) -> platform(13) subTarget(537395200) extendedPlatform(0)
Refreshing native plugins compatible for Editor in 0.71 ms, found 2 plugins.
Preloading 0 native plugins for Editor in 0.00 ms.
Unloading 1778 Unused Serialized files (Serialized files now loaded: 0)
System memory in use before: 84.1 MB.
System memory in use after: 84.2 MB.

Unloading 25 unused Assets to reduce memory usage. Loaded Objects now: 2308.
Total: 3.090100 ms (FindLiveObjects: 0.192500 ms CreateObjectMapping: 0.040500 ms MarkObjects: 2.835200 ms  DeleteObjects: 0.021000 ms)

AssetImportParameters requested are different than current active one (requested -> active):
  custom:framework-win-MediaFoundation: 216162199b28c13a410421893ffa2e32 -> 
  custom:video-decoder-ogg-theora: a1e56fd34408186e4bbccfd4996cb3dc -> 
  custom:container-muxer-webm: aa71ff27fc2769a1b78a27578f13a17b -> 
  custom:container-demuxer-webm: 4f35f7cbe854078d1ac9338744f61a02 -> 
  custom:container-demuxer-ogg: 62fdf1f143b41e24485cea50d1cbac27 -> 
  custom:video-encoder-webm-vp8: eb34c28f22e8b96e1ab97ce403110664 -> 
  custom:video-codec-MediaFoundation-h265: e54d7ab0439102e2317fc1e4b246158d -> 
  custom:video-decoder-webm-vp8: 9c59270c3fd7afecdb556c50c9e8de78 -> 
  custom:graphics/normal-map-encoding: 01000000000000000000000000000000 -> 02000000000000000000000000000000
  custom:audio-decoder-ogg-vorbis: bf7c407c2cedff20999df2af8eb42d56 -> 
  custom:audio-encoder-webm-vorbis: bf7c407c2cedff20999df2af8eb42d56 -> 
AssetImportWorkerClient::OnTransportError - code=2 error=End of file
